
> graphqlastmanager@0.0.1 dev
> vite dev

✔ [paraglide-js] Compilation complete (locale-modules)

  VITE v7.1.10  ready in 2597 ms

  ➜  Local:   http://localhost:5173/
  ➜  Network: use --host to expose
{"timestamp":"2026-01-24T14:27:03.838Z","level":"INFO","context":"db","message":"Database client initialized"}
{"timestamp":"2026-01-24T14:27:04.949Z","level":"INFO","context":"hooks","message":"Request processed","method":"GET","path":"/demo/lucia/login","status":200,"duration":976,"ip":"::1"}
2:27:55 PM [vite] (client) hmr update /src/app.css
2:27:55 PM [vite] (ssr) page reload verification/verify_danger_zone.py
{"timestamp":"2026-01-24T14:28:01.622Z","level":"INFO","context":"hooks","message":"Request processed","method":"GET","path":"/demo/lucia/login","status":200,"duration":99,"ip":"::1"}
2:28:44 PM [vite] (client) hmr update /src/app.css
2:28:44 PM [vite] (ssr) page reload verification/verify_danger_zone.py
{"timestamp":"2026-01-24T14:28:52.419Z","level":"INFO","context":"hooks","message":"Request processed","method":"GET","path":"/demo/lucia/login","status":200,"duration":69,"ip":"::1"}
{"timestamp":"2026-01-24T14:28:52.727Z","level":"INFO","context":"auth","message":"Session created","userId":"fqbxnpi4z4tvgegcgqz6mrhi","sessionId":"a0a7c083b8401d2c8e076a6ccfdfd4991c5fb68603bfd97233a393fdf09124e5"}
{"timestamp":"2026-01-24T14:28:52.728Z","level":"INFO","context":"login-action","message":"User logged in","userId":"fqbxnpi4z4tvgegcgqz6mrhi","username":"demo","ip":"::1"}
{"timestamp":"2026-01-24T14:28:52.729Z","level":"INFO","context":"hooks","message":"Request processed","method":"POST","path":"/demo/lucia/login","status":302,"duration":61,"ip":"::1"}
{"timestamp":"2026-01-24T14:28:52.763Z","level":"DEBUG","context":"auth","message":"Session validated","sessionId":"a0a7c083b8401d2c8e076a6ccfdfd4991c5fb68603bfd97233a393fdf09124e5","userId":"fqbxnpi4z4tvgegcgqz6mrhi"}
{"timestamp":"2026-01-24T14:28:52.763Z","level":"DEBUG","context":"lucia-profile","message":"Loading user profile","userId":"fqbxnpi4z4tvgegcgqz6mrhi"}
{"timestamp":"2026-01-24T14:28:52.902Z","level":"INFO","context":"hooks","message":"Request processed","method":"GET","path":"/demo/lucia","status":200,"duration":142,"ip":"::1"}
2:29:20 PM [vite] (client) hmr update /src/app.css
2:29:20 PM [vite] (ssr) page reload verification/verify_danger_zone.py
{"timestamp":"2026-01-24T14:29:28.419Z","level":"INFO","context":"hooks","message":"Request processed","method":"GET","path":"/demo/lucia/login","status":200,"duration":66,"ip":"::1"}
{"timestamp":"2026-01-24T14:29:28.691Z","level":"INFO","context":"auth","message":"Session created","userId":"fqbxnpi4z4tvgegcgqz6mrhi","sessionId":"0dea29308580282ccc68dd6ac7f000cce42b3d5bb626dc0906d1109131027565"}
{"timestamp":"2026-01-24T14:29:28.691Z","level":"INFO","context":"login-action","message":"User logged in","userId":"fqbxnpi4z4tvgegcgqz6mrhi","username":"demo","ip":"::1"}
{"timestamp":"2026-01-24T14:29:28.691Z","level":"INFO","context":"hooks","message":"Request processed","method":"POST","path":"/demo/lucia/login","status":302,"duration":51,"ip":"::1"}
{"timestamp":"2026-01-24T14:29:28.707Z","level":"DEBUG","context":"auth","message":"Session validated","sessionId":"0dea29308580282ccc68dd6ac7f000cce42b3d5bb626dc0906d1109131027565","userId":"fqbxnpi4z4tvgegcgqz6mrhi"}
{"timestamp":"2026-01-24T14:29:28.707Z","level":"DEBUG","context":"lucia-profile","message":"Loading user profile","userId":"fqbxnpi4z4tvgegcgqz6mrhi"}
{"timestamp":"2026-01-24T14:29:28.718Z","level":"INFO","context":"hooks","message":"Request processed","method":"GET","path":"/demo/lucia","status":200,"duration":13,"ip":"::1"}
{"timestamp":"2026-01-24T14:29:29.003Z","level":"DEBUG","context":"auth","message":"Session validated","sessionId":"0dea29308580282ccc68dd6ac7f000cce42b3d5bb626dc0906d1109131027565","userId":"fqbxnpi4z4tvgegcgqz6mrhi"}
{"timestamp":"2026-01-24T14:29:29.011Z","level":"INFO","context":"user","message":"User deleted","userId":"fqbxnpi4z4tvgegcgqz6mrhi"}
{"timestamp":"2026-01-24T14:29:29.012Z","level":"INFO","context":"lucia-profile","message":"User account deleted","userId":"fqbxnpi4z4tvgegcgqz6mrhi"}
{"timestamp":"2026-01-24T14:29:29.013Z","level":"INFO","context":"hooks","message":"Request processed","method":"POST","path":"/demo/lucia","status":200,"duration":12,"ip":"::1"}
{"timestamp":"2026-01-24T14:29:29.043Z","level":"INFO","context":"hooks","message":"Request processed","method":"GET","path":"/demo/lucia/login","status":200,"duration":3,"ip":"::1"}
2:29:45 PM [vite] (client) hmr update /src/app.css
2:29:45 PM [vite] (ssr) page reload verification/verify_danger_zone.py
{"timestamp":"2026-01-24T14:30:03.908Z","level":"DEBUG","context":"rate-limiter","message":"Cleaned up expired rate limit entries","count":1}
{"timestamp":"2026-01-24T14:30:03.972Z","level":"DEBUG","context":"rate-limiter","message":"Cleaned up expired rate limit entries","count":1}
{"timestamp":"2026-01-24T15:50:42.153Z","level":"INFO","context":"hooks","message":"Request processed","method":"GET","path":"/","status":200,"duration":841,"ip":"::1"}
3:50:54 PM [vite] (ssr) page reload verification/check_console.py
{"timestamp":"2026-01-24T15:50:59.890Z","level":"INFO","context":"hooks","message":"Request processed","method":"GET","path":"/","status":200,"duration":162,"ip":"::1"}
{"timestamp":"2026-01-24T15:51:00.140Z","level":"INFO","context":"hooks","message":"Request processed","method":"GET","path":"/demo/lucia","status":302,"duration":3,"ip":"::1"}
{"timestamp":"2026-01-24T15:51:00.174Z","level":"INFO","context":"hooks","message":"Request processed","method":"GET","path":"/demo/lucia/login","status":200,"duration":20,"ip":"::1"}
{"timestamp":"2026-01-24T15:51:00.284Z","level":"INFO","context":"hooks","message":"Request processed","method":"GET","path":"/","status":200,"duration":16,"ip":"::1"}
{"timestamp":"2026-01-24T15:51:00.625Z","level":"INFO","context":"hooks","message":"Request processed","method":"GET","path":"/demo/paraglide","status":200,"duration":150,"ip":"::1"}
{"timestamp":"2026-01-24T15:51:50.364Z","level":"DEBUG","context":"rate-limiter","message":"Cleaned up expired rate limit entries","count":1}
3:52:46 PM [vite] (client) hmr update /src/routes/demo/lucia/+page.svelte, /src/app.css
3:52:46 PM [vite] (ssr) page reload src/routes/demo/lucia/+page.svelte
3:52:46 PM [vite] (client) hmr update /src/routes/demo/lucia/+page.svelte, /src/app.css
3:52:46 PM [vite] (ssr) page reload src/routes/demo/lucia/+page.svelte
